# JRE version: Java(TM) SE Runtime Environment (11.0.2+9) (build 11.0.2+9-LTS)
# Java VM: Java HotSpot(TM) 64-Bit Server VM (11.0.2+9-LTS, mixed mode, tiered, compressed oops, g1 gc, windows-amd64)
Heap:
 garbage-first heap   total 366592K, used 107454K [0x0000000708400000, 0x0000000800000000)
  region size 1024K, 71 young (72704K), 12 survivors (12288K)
 Metaspace       used 102401K, capacity 104488K, committed 104784K, reserved 1140736K
  class space    used 12952K, capacity 13762K, committed 13824K, reserved 1048576K
GC Heap History (10 events):
Event: 11.226 GC heap before
{Heap before GC invocations=8 (full 0):
 garbage-first heap   total 305152K, used 192947K [0x0000000708400000, 0x0000000800000000)
  region size 1024K, 178 young (182272K), 13 survivors (13312K)
 Metaspace       used 54872K, capacity 56130K, committed 56400K, reserved 1099776K
  class space    used 6380K, capacity 6876K, committed 6912K, reserved 1048576K
}
Event: 11.256 GC heap after
{Heap after GC invocations=9 (full 0):
 garbage-first heap   total 305152K, used 31053K [0x0000000708400000, 0x0000000800000000)
  region size 1024K, 19 young (19456K), 19 survivors (19456K)
 Metaspace       used 54872K, capacity 56130K, committed 56400K, reserved 1099776K
  class space    used 6380K, capacity 6876K, committed 6912K, reserved 1048576K
}
Event: 11.613 GC heap before
{Heap before GC invocations=9 (full 0):
 garbage-first heap   total 305152K, used 48461K [0x0000000708400000, 0x0000000800000000)
  region size 1024K, 37 young (37888K), 19 survivors (19456K)
 Metaspace       used 58907K, capacity 60168K, committed 60240K, reserved 1101824K
  class space    used 6874K, capacity 7385K, committed 7424K, reserved 1048576K
}
Event: 11.651 GC heap after
{Heap after GC invocations=10 (full 0):
 garbage-first heap   total 305152K, used 33108K [0x0000000708400000, 0x0000000800000000)
  region size 1024K, 10 young (10240K), 10 survivors (10240K)
 Metaspace       used 58907K, capacity 60168K, committed 60240K, reserved 1101824K
  class space    used 6874K, capacity 7385K, committed 7424K, reserved 1048576K
}
Event: 13.661 GC heap before
{Heap before GC invocations=11 (full 0):
 garbage-first heap   total 305152K, used 205140K [0x0000000708400000, 0x0000000800000000)
  region size 1024K, 178 young (182272K), 10 survivors (10240K)
 Metaspace       used 77113K, capacity 78539K, committed 78672K, reserved 1118208K
  class space    used 9658K, capacity 10173K, committed 10240K, reserved 1048576K
}
Event: 13.676 GC heap after
{Heap after GC invocations=12 (full 0):
 garbage-first heap   total 305152K, used 37208K [0x0000000708400000, 0x0000000800000000)
  region size 1024K, 14 young (14336K), 14 survivors (14336K)
 Metaspace       used 77113K, capacity 78539K, committed 78672K, reserved 1118208K
  class space    used 9658K, capacity 10173K, committed 10240K, reserved 1048576K
}
Event: 16.164 GC heap before
{Heap before GC invocations=12 (full 0):
 garbage-first heap   total 305152K, used 205144K [0x0000000708400000, 0x0000000800000000)
  region size 1024K, 178 young (182272K), 14 survivors (14336K)
 Metaspace       used 88722K, capacity 90511K, committed 90704K, reserved 1128448K
  class space    used 11226K, capacity 11919K, committed 12032K, reserved 1048576K
}
Event: 16.183 GC heap after
{Heap after GC invocations=13 (full 0):
 garbage-first heap   total 305152K, used 45832K [0x0000000708400000, 0x0000000800000000)
  region size 1024K, 16 young (16384K), 16 survivors (16384K)
 Metaspace       used 88722K, capacity 90511K, committed 90704K, reserved 1128448K
  class space    used 11226K, capacity 11919K, committed 12032K, reserved 1048576K
}
Event: 272.797 GC heap before
{Heap before GC invocations=13 (full 0):
 garbage-first heap   total 305152K, used 147208K [0x0000000708400000, 0x0000000800000000)
  region size 1024K, 116 young (118784K), 16 survivors (16384K)
 Metaspace       used 98803K, capacity 100733K, committed 100816K, reserved 1136640K
  class space    used 12610K, capacity 13377K, committed 13440K, reserved 1048576K
}
Event: 272.827 GC heap after
{Heap after GC invocations=14 (full 0):
 garbage-first heap   total 366592K, used 48062K [0x0000000708400000, 0x0000000800000000)
  region size 1024K, 12 young (12288K), 12 survivors (12288K)
 Metaspace       used 98803K, capacity 100733K, committed 100816K, reserved 1136640K
  class space    used 12610K, capacity 13377K, committed 13440K, reserved 1048576K
}

