# JRE version: Java(TM) SE Runtime Environment (11.0.2+9) (build 11.0.2+9-LTS)
# Java VM: Java HotSpot(TM) 64-Bit Server VM (11.0.2+9-LTS, mixed mode, tiered, compressed oops, g1 gc, windows-amd64)
Heap:
 garbage-first heap   total 253952K, used 79732K [0x0000000708400000, 0x0000000800000000)
  region size 1024K, 70 young (71680K), 2 survivors (2048K)
 Metaspace       used 32477K, capacity 33201K, committed 33456K, reserved 1079296K
  class space    used 3795K, capacity 4076K, committed 4096K, reserved 1048576K
GC Heap History (6 events):
Event: 1.107 GC heap before
{Heap before GC invocations=0 (full 0):
 garbage-first heap   total 253952K, used 24576K [0x0000000708400000, 0x0000000800000000)
  region size 1024K, 24 young (24576K), 0 survivors (0K)
 Metaspace       used 11760K, capacity 11961K, committed 12288K, reserved 1060864K
  class space    used 1129K, capacity 1198K, committed 1280K, reserved 1048576K
}
Event: 1.118 GC heap after
{Heap after GC invocations=1 (full 0):
 garbage-first heap   total 253952K, used 8874K [0x0000000708400000, 0x0000000800000000)
  region size 1024K, 3 young (3072K), 3 survivors (3072K)
 Metaspace       used 11760K, capacity 11961K, committed 12288K, reserved 1060864K
  class space    used 1129K, capacity 1198K, committed 1280K, reserved 1048576K
}
Event: 1.544 GC heap before
{Heap before GC invocations=1 (full 0):
 garbage-first heap   total 253952K, used 28330K [0x0000000708400000, 0x0000000800000000)
  region size 1024K, 22 young (22528K), 3 survivors (3072K)
 Metaspace       used 16270K, capacity 16501K, committed 16640K, reserved 1064960K
  class space    used 1666K, capacity 1754K, committed 1792K, reserved 1048576K
}
Event: 1.549 GC heap after
{Heap after GC invocations=2 (full 0):
 garbage-first heap   total 253952K, used 10334K [0x0000000708400000, 0x0000000800000000)
  region size 1024K, 2 young (2048K), 2 survivors (2048K)
 Metaspace       used 16270K, capacity 16501K, committed 16640K, reserved 1064960K
  class space    used 1666K, capacity 1754K, committed 1792K, reserved 1048576K
}
Event: 2.613 GC heap before
{Heap before GC invocations=2 (full 0):
 garbage-first heap   total 253952K, used 37982K [0x0000000708400000, 0x0000000800000000)
  region size 1024K, 30 young (30720K), 2 survivors (2048K)
 Metaspace       used 20883K, capacity 21173K, committed 21296K, reserved 1069056K
  class space    used 2252K, capacity 2401K, committed 2432K, reserved 1048576K
}
Event: 2.617 GC heap after
{Heap after GC invocations=3 (full 0):
 garbage-first heap   total 253952K, used 11124K [0x0000000708400000, 0x0000000800000000)
  region size 1024K, 2 young (2048K), 2 survivors (2048K)
 Metaspace       used 20883K, capacity 21173K, committed 21296K, reserved 1069056K
  class space    used 2252K, capacity 2401K, committed 2432K, reserved 1048576K
}

