# JRE version: Java(TM) SE Runtime Environment (11.0.2+9) (build 11.0.2+9-LTS)
# Java VM: Java HotSpot(TM) 64-Bit Server VM (11.0.2+9-LTS, mixed mode, tiered, compressed oops, g1 gc, windows-amd64)
Heap:
 garbage-first heap   total 305152K, used 140011K [0x0000000708400000, 0x0000000800000000)
  region size 1024K, 122 young (124928K), 12 survivors (12288K)
 Metaspace       used 71538K, capacity 72942K, committed 73168K, reserved 1114112K
  class space    used 8977K, capacity 9527K, committed 9600K, reserved 1048576K
GC Heap History (10 events):
Event: 5.613 GC heap before
{Heap before GC invocations=4 (full 0):
 garbage-first heap   total 253952K, used 158945K [0x0000000708400000, 0x0000000800000000)
  region size 1024K, 148 young (151552K), 3 survivors (3072K)
 Metaspace       used 33896K, capacity 34642K, committed 34864K, reserved 1079296K
  class space    used 3896K, capacity 4201K, committed 4224K, reserved 1048576K
}
Event: 5.622 GC heap after
{Heap after GC invocations=5 (full 0):
 garbage-first heap   total 253952K, used 16730K [0x0000000708400000, 0x0000000800000000)
  region size 1024K, 8 young (8192K), 8 survivors (8192K)
 Metaspace       used 33896K, capacity 34642K, committed 34864K, reserved 1079296K
  class space    used 3896K, capacity 4201K, committed 4224K, reserved 1048576K
}
Event: 5.840 GC heap before
{Heap before GC invocations=5 (full 0):
 garbage-first heap   total 253952K, used 35162K [0x0000000708400000, 0x0000000800000000)
  region size 1024K, 27 young (27648K), 8 survivors (8192K)
 Metaspace       used 35086K, capacity 35910K, committed 36176K, reserved 1081344K
  class space    used 4051K, capacity 4340K, committed 4352K, reserved 1048576K
}
Event: 5.854 GC heap after
{Heap after GC invocations=6 (full 0):
 garbage-first heap   total 253952K, used 17698K [0x0000000708400000, 0x0000000800000000)
  region size 1024K, 9 young (9216K), 9 survivors (9216K)
 Metaspace       used 35086K, capacity 35910K, committed 36176K, reserved 1081344K
  class space    used 4051K, capacity 4340K, committed 4352K, reserved 1048576K
}
Event: 7.836 GC heap before
{Heap before GC invocations=7 (full 0):
 garbage-first heap   total 253952K, used 160034K [0x0000000708400000, 0x0000000800000000)
  region size 1024K, 148 young (151552K), 9 survivors (9216K)
 Metaspace       used 42913K, capacity 43965K, committed 44240K, reserved 1087488K
  class space    used 5066K, capacity 5472K, committed 5504K, reserved 1048576K
}
Event: 7.850 GC heap after
{Heap after GC invocations=8 (full 0):
 garbage-first heap   total 253952K, used 21861K [0x0000000708400000, 0x0000000800000000)
  region size 1024K, 13 young (13312K), 13 survivors (13312K)
 Metaspace       used 42913K, capacity 43965K, committed 44240K, reserved 1087488K
  class space    used 5066K, capacity 5472K, committed 5504K, reserved 1048576K
}
Event: 8.957 GC heap before
{Heap before GC invocations=8 (full 0):
 garbage-first heap   total 253952K, used 160101K [0x0000000708400000, 0x0000000800000000)
  region size 1024K, 148 young (151552K), 13 survivors (13312K)
 Metaspace       used 45668K, capacity 46769K, committed 46928K, reserved 1091584K
  class space    used 5355K, capacity 5788K, committed 5888K, reserved 1048576K
}
Event: 8.978 GC heap after
{Heap after GC invocations=9 (full 0):
 garbage-first heap   total 305152K, used 23856K [0x0000000708400000, 0x0000000800000000)
  region size 1024K, 8 young (8192K), 8 survivors (8192K)
 Metaspace       used 45668K, capacity 46769K, committed 46928K, reserved 1091584K
  class space    used 5355K, capacity 5788K, committed 5888K, reserved 1048576K
}
Event: 10.317 GC heap before
{Heap before GC invocations=9 (full 0):
 garbage-first heap   total 305152K, used 119088K [0x0000000708400000, 0x0000000800000000)
  region size 1024K, 102 young (104448K), 8 survivors (8192K)
 Metaspace       used 59045K, capacity 60116K, committed 60240K, reserved 1101824K
  class space    used 7178K, capacity 7603K, committed 7680K, reserved 1048576K
}
Event: 10.328 GC heap after
{Heap after GC invocations=10 (full 0):
 garbage-first heap   total 305152K, used 28395K [0x0000000708400000, 0x0000000800000000)
  region size 1024K, 12 young (12288K), 12 survivors (12288K)
 Metaspace       used 59045K, capacity 60116K, committed 60240K, reserved 1101824K
  class space    used 7178K, capacity 7603K, committed 7680K, reserved 1048576K
}

