# JRE version: Java(TM) SE Runtime Environment (11.0.2+9) (build 11.0.2+9-LTS)
# Java VM: Java HotSpot(TM) 64-Bit Server VM (11.0.2+9-LTS, mixed mode, tiered, compressed oops, g1 gc, windows-amd64)
Heap:
 garbage-first heap   total 305152K, used 118404K [0x0000000708400000, 0x0000000800000000)
  region size 1024K, 104 young (106496K), 15 survivors (15360K)
 Metaspace       used 67967K, capacity 69137K, committed 69336K, reserved 1110016K
  class space    used 8501K, capacity 8959K, committed 8960K, reserved 1048576K
GC Heap History (10 events):
Event: 3.892 GC heap before
{Heap before GC invocations=4 (full 0):
 garbage-first heap   total 253952K, used 71690K [0x0000000708400000, 0x0000000800000000)
  region size 1024K, 62 young (63488K), 3 survivors (3072K)
 Metaspace       used 29964K, capacity 30644K, committed 30848K, reserved 1077248K
  class space    used 3416K, capacity 3665K, committed 3712K, reserved 1048576K
}
Event: 3.899 GC heap after
{Heap after GC invocations=5 (full 0):
 garbage-first heap   total 253952K, used 13637K [0x0000000708400000, 0x0000000800000000)
  region size 1024K, 5 young (5120K), 5 survivors (5120K)
 Metaspace       used 29964K, capacity 30644K, committed 30848K, reserved 1077248K
  class space    used 3416K, capacity 3665K, committed 3712K, reserved 1048576K
}
Event: 6.038 GC heap before
{Heap before GC invocations=5 (full 0):
 garbage-first heap   total 253952K, used 117061K [0x0000000708400000, 0x0000000800000000)
  region size 1024K, 108 young (110592K), 5 survivors (5120K)
 Metaspace       used 34694K, capacity 35484K, committed 35584K, reserved 1081344K
  class space    used 3996K, capacity 4305K, committed 4352K, reserved 1048576K
}
Event: 6.056 GC heap after
{Heap after GC invocations=6 (full 0):
 garbage-first heap   total 253952K, used 17305K [0x0000000708400000, 0x0000000800000000)
  region size 1024K, 8 young (8192K), 8 survivors (8192K)
 Metaspace       used 34694K, capacity 35484K, committed 35584K, reserved 1081344K
  class space    used 3996K, capacity 4305K, committed 4352K, reserved 1048576K
}
Event: 8.148 GC heap before
{Heap before GC invocations=7 (full 0):
 garbage-first heap   total 253952K, used 157593K [0x0000000708400000, 0x0000000800000000)
  region size 1024K, 145 young (148480K), 8 survivors (8192K)
 Metaspace       used 42906K, capacity 43899K, committed 44160K, reserved 1087488K
  class space    used 5066K, capacity 5472K, committed 5504K, reserved 1048576K
}
Event: 8.163 GC heap after
{Heap after GC invocations=8 (full 0):
 garbage-first heap   total 253952K, used 21669K [0x0000000708400000, 0x0000000800000000)
  region size 1024K, 13 young (13312K), 13 survivors (13312K)
 Metaspace       used 42906K, capacity 43899K, committed 44160K, reserved 1087488K
  class space    used 5066K, capacity 5472K, committed 5504K, reserved 1048576K
}
Event: 9.229 GC heap before
{Heap before GC invocations=8 (full 0):
 garbage-first heap   total 253952K, used 159909K [0x0000000708400000, 0x0000000800000000)
  region size 1024K, 148 young (151552K), 13 survivors (13312K)
 Metaspace       used 44919K, capacity 45964K, committed 46208K, reserved 1089536K
  class space    used 5283K, capacity 5711K, committed 5760K, reserved 1048576K
}
Event: 9.249 GC heap after
{Heap after GC invocations=9 (full 0):
 garbage-first heap   total 305152K, used 22999K [0x0000000708400000, 0x0000000800000000)
  region size 1024K, 10 young (10240K), 10 survivors (10240K)
 Metaspace       used 44919K, capacity 45964K, committed 46208K, reserved 1089536K
  class space    used 5283K, capacity 5711K, committed 5760K, reserved 1048576K
}
Event: 10.727 GC heap before
{Heap before GC invocations=9 (full 0):
 garbage-first heap   total 305152K, used 119255K [0x0000000708400000, 0x0000000800000000)
  region size 1024K, 105 young (107520K), 10 survivors (10240K)
 Metaspace       used 58548K, capacity 59665K, committed 59736K, reserved 1101824K
  class space    used 7117K, capacity 7538K, committed 7552K, reserved 1048576K
}
Event: 10.754 GC heap after
{Heap after GC invocations=10 (full 0):
 garbage-first heap   total 305152K, used 28292K [0x0000000708400000, 0x0000000800000000)
  region size 1024K, 15 young (15360K), 15 survivors (15360K)
 Metaspace       used 58548K, capacity 59665K, committed 59736K, reserved 1101824K
  class space    used 7117K, capacity 7538K, committed 7552K, reserved 1048576K
}

