# JRE version: Java(TM) SE Runtime Environment (11.0.2+9) (build 11.0.2+9-LTS)
# Java VM: Java HotSpot(TM) 64-Bit Server VM (11.0.2+9-LTS, mixed mode, tiered, compressed oops, g1 gc, windows-amd64)
Heap:
 garbage-first heap   total 253952K, used 11501K [0x0000000708400000, 0x0000000800000000)
  region size 1024K, 5 young (5120K), 3 survivors (3072K)
 Metaspace       used 21119K, capacity 21492K, committed 21628K, reserved 1069056K
  class space    used 2312K, capacity 2493K, committed 2560K, reserved 1048576K
GC Heap History (6 events):
Event: 0.887 GC heap before
{Heap before GC invocations=0 (full 0):
 garbage-first heap   total 253952K, used 24576K [0x0000000708400000, 0x0000000800000000)
  region size 1024K, 24 young (24576K), 0 survivors (0K)
 Metaspace       used 11897K, capacity 12055K, committed 12288K, reserved 1060864K
  class space    used 1163K, capacity 1214K, committed 1280K, reserved 1048576K
}
Event: 0.895 GC heap after
{Heap after GC invocations=1 (full 0):
 garbage-first heap   total 253952K, used 8166K [0x0000000708400000, 0x0000000800000000)
  region size 1024K, 3 young (3072K), 3 survivors (3072K)
 Metaspace       used 11897K, capacity 12055K, committed 12288K, reserved 1060864K
  class space    used 1163K, capacity 1214K, committed 1280K, reserved 1048576K
}
Event: 1.213 GC heap before
{Heap before GC invocations=1 (full 0):
 garbage-first heap   total 253952K, used 28646K [0x0000000708400000, 0x0000000800000000)
  region size 1024K, 23 young (23552K), 3 survivors (3072K)
 Metaspace       used 16562K, capacity 16813K, committed 17024K, reserved 1064960K
  class space    used 1738K, capacity 1818K, committed 1920K, reserved 1048576K
}
Event: 1.218 GC heap after
{Heap after GC invocations=2 (full 0):
 garbage-first heap   total 253952K, used 9781K [0x0000000708400000, 0x0000000800000000)
  region size 1024K, 2 young (2048K), 2 survivors (2048K)
 Metaspace       used 16562K, capacity 16813K, committed 17024K, reserved 1064960K
  class space    used 1738K, capacity 1818K, committed 1920K, reserved 1048576K
}
Event: 1.494 GC heap before
{Heap before GC invocations=2 (full 0):
 garbage-first heap   total 253952K, used 32309K [0x0000000708400000, 0x0000000800000000)
  region size 1024K, 25 young (25600K), 2 survivors (2048K)
 Metaspace       used 20807K, capacity 21172K, committed 21296K, reserved 1069056K
  class space    used 2273K, capacity 2429K, committed 2432K, reserved 1048576K
}
Event: 1.498 GC heap after
{Heap after GC invocations=3 (full 0):
 garbage-first heap   total 253952K, used 10477K [0x0000000708400000, 0x0000000800000000)
  region size 1024K, 3 young (3072K), 3 survivors (3072K)
 Metaspace       used 20807K, capacity 21172K, committed 21296K, reserved 1069056K
  class space    used 2273K, capacity 2429K, committed 2432K, reserved 1048576K
}

