# JRE version: Java(TM) SE Runtime Environment (11.0.2+9) (build 11.0.2+9-LTS)
# Java VM: Java HotSpot(TM) 64-Bit Server VM (11.0.2+9-LTS, mixed mode, tiered, compressed oops, g1 gc, windows-amd64)
Heap:
 garbage-first heap   total 253952K, used 48080K [0x0000000708400000, 0x0000000800000000)
  region size 1024K, 42 young (43008K), 3 survivors (3072K)
 Metaspace       used 29025K, capacity 29734K, committed 30000K, reserved 1075200K
  class space    used 3334K, capacity 3607K, committed 3712K, reserved 1048576K
GC Heap History (6 events):
Event: 0.864 GC heap before
{Heap before GC invocations=0 (full 0):
 garbage-first heap   total 253952K, used 23552K [0x0000000708400000, 0x0000000800000000)
  region size 1024K, 24 young (24576K), 0 survivors (0K)
 Metaspace       used 11449K, capacity 11653K, committed 11776K, reserved 1060864K
  class space    used 1097K, capacity 1163K, committed 1280K, reserved 1048576K
}
Event: 0.872 GC heap after
{Heap after GC invocations=1 (full 0):
 garbage-first heap   total 253952K, used 6900K [0x0000000708400000, 0x0000000800000000)
  region size 1024K, 3 young (3072K), 3 survivors (3072K)
 Metaspace       used 11449K, capacity 11653K, committed 11776K, reserved 1060864K
  class space    used 1097K, capacity 1163K, committed 1280K, reserved 1048576K
}
Event: 1.150 GC heap before
{Heap before GC invocations=1 (full 0):
 garbage-first heap   total 253952K, used 28404K [0x0000000708400000, 0x0000000800000000)
  region size 1024K, 24 young (24576K), 3 survivors (3072K)
 Metaspace       used 15992K, capacity 16235K, committed 16384K, reserved 1064960K
  class space    used 1620K, capacity 1713K, committed 1792K, reserved 1048576K
}
Event: 1.155 GC heap after
{Heap after GC invocations=2 (full 0):
 garbage-first heap   total 253952K, used 8281K [0x0000000708400000, 0x0000000800000000)
  region size 1024K, 2 young (2048K), 2 survivors (2048K)
 Metaspace       used 15992K, capacity 16235K, committed 16384K, reserved 1064960K
  class space    used 1620K, capacity 1713K, committed 1792K, reserved 1048576K
}
Event: 1.493 GC heap before
{Heap before GC invocations=2 (full 0):
 garbage-first heap   total 253952K, used 34905K [0x0000000708400000, 0x0000000800000000)
  region size 1024K, 29 young (29696K), 2 survivors (2048K)
 Metaspace       used 20886K, capacity 21163K, committed 21296K, reserved 1069056K
  class space    used 2257K, capacity 2400K, committed 2432K, reserved 1048576K
}
Event: 1.496 GC heap after
{Heap after GC invocations=3 (full 0):
 garbage-first heap   total 253952K, used 9168K [0x0000000708400000, 0x0000000800000000)
  region size 1024K, 3 young (3072K), 3 survivors (3072K)
 Metaspace       used 20886K, capacity 21163K, committed 21296K, reserved 1069056K
  class space    used 2257K, capacity 2400K, committed 2432K, reserved 1048576K
}

