# JRE version: Java(TM) SE Runtime Environment (11.0.2+9) (build 11.0.2+9-LTS)
# Java VM: Java HotSpot(TM) 64-Bit Server VM (11.0.2+9-LTS, mixed mode, tiered, compressed oops, g1 gc, windows-amd64)
Heap:
 garbage-first heap   total 253952K, used 46237K [0x0000000708400000, 0x0000000800000000)
  region size 1024K, 41 young (41984K), 2 survivors (2048K)
 Metaspace       used 29049K, capacity 29605K, committed 29692K, reserved 1075200K
  class space    used 3334K, capacity 3537K, committed 3580K, reserved 1048576K
GC Heap History (6 events):
Event: 2.021 GC heap before
{Heap before GC invocations=0 (full 0):
 garbage-first heap   total 253952K, used 23552K [0x0000000708400000, 0x0000000800000000)
  region size 1024K, 24 young (24576K), 0 survivors (0K)
 Metaspace       used 13933K, capacity 14182K, committed 14336K, reserved 1062912K
  class space    used 1366K, capacity 1472K, committed 1536K, reserved 1048576K
}
Event: 2.030 GC heap after
{Heap after GC invocations=1 (full 0):
 garbage-first heap   total 253952K, used 5801K [0x0000000708400000, 0x0000000800000000)
  region size 1024K, 3 young (3072K), 3 survivors (3072K)
 Metaspace       used 13933K, capacity 14182K, committed 14336K, reserved 1062912K
  class space    used 1366K, capacity 1472K, committed 1536K, reserved 1048576K
}
Event: 2.266 GC heap before
{Heap before GC invocations=1 (full 0):
 garbage-first heap   total 253952K, used 23209K [0x0000000708400000, 0x0000000800000000)
  region size 1024K, 20 young (20480K), 3 survivors (3072K)
 Metaspace       used 17832K, capacity 18219K, committed 18304K, reserved 1064960K
  class space    used 1955K, capacity 2095K, committed 2176K, reserved 1048576K
}
Event: 2.271 GC heap after
{Heap after GC invocations=2 (full 0):
 garbage-first heap   total 253952K, used 6809K [0x0000000708400000, 0x0000000800000000)
  region size 1024K, 2 young (2048K), 2 survivors (2048K)
 Metaspace       used 17832K, capacity 18219K, committed 18304K, reserved 1064960K
  class space    used 1955K, capacity 2095K, committed 2176K, reserved 1048576K
}
Event: 2.474 GC heap before
{Heap before GC invocations=2 (full 0):
 garbage-first heap   total 253952K, used 21145K [0x0000000708400000, 0x0000000800000000)
  region size 1024K, 17 young (17408K), 2 survivors (2048K)
 Metaspace       used 20768K, capacity 21195K, committed 21248K, reserved 1069056K
  class space    used 2376K, capacity 2538K, committed 2560K, reserved 1048576K
}
Event: 2.477 GC heap after
{Heap after GC invocations=3 (full 0):
 garbage-first heap   total 253952K, used 7325K [0x0000000708400000, 0x0000000800000000)
  region size 1024K, 2 young (2048K), 2 survivors (2048K)
 Metaspace       used 20768K, capacity 21195K, committed 21248K, reserved 1069056K
  class space    used 2376K, capacity 2538K, committed 2560K, reserved 1048576K
}

